[16-Feb-2023 13:04:09 UTC] Cron reschedule event error for hook: wp_privacy_delete_old_export_files, Error code: could_not_set, Error message: No se ha podido guardar la lista de eventos del cron., Data: {"schedule":"hourly","args":[],"interval":3600}
[17-Feb-2023 00:22:32 UTC] Cron reschedule event error for hook: wp_version_check, Error code: could_not_set, Error message: No se ha podido guardar la lista de eventos del cron., Data: {"schedule":"twicedaily","args":[],"interval":43200}
[17-Feb-2023 02:20:50 UTC] PHP Warning:  Attempt to read property "title" on null in C:\Users\RD\Local Sites\lapizeria\app\public\wp-includes\class-wp-customize-widgets.php on line 900
[17-Feb-2023 02:24:39 UTC] PHP Warning:  Attempt to read property "title" on null in C:\Users\RD\Local Sites\lapizeria\app\public\wp-includes\class-wp-customize-widgets.php on line 900
[17-Feb-2023 02:25:17 UTC] PHP Warning:  Attempt to read property "title" on null in C:\Users\RD\Local Sites\lapizeria\app\public\wp-includes\class-wp-customize-widgets.php on line 900
[25-Feb-2023 00:55:41 UTC] PHP Warning:  Array to string conversion in C:\Users\RD\Local Sites\lapizeria\app\public\wp-content\themes\lapizeria\home.php on line 11
[25-Feb-2023 00:55:42 UTC] PHP Warning:  Array to string conversion in C:\Users\RD\Local Sites\lapizeria\app\public\wp-content\themes\lapizeria\home.php on line 11
[25-Feb-2023 00:55:59 UTC] PHP Warning:  Array to string conversion in C:\Users\RD\Local Sites\lapizeria\app\public\wp-content\themes\lapizeria\home.php on line 11
[25-Feb-2023 00:56:00 UTC] PHP Warning:  Array to string conversion in C:\Users\RD\Local Sites\lapizeria\app\public\wp-content\themes\lapizeria\home.php on line 11
[25-Feb-2023 00:56:00 UTC] PHP Warning:  Array to string conversion in C:\Users\RD\Local Sites\lapizeria\app\public\wp-content\themes\lapizeria\home.php on line 11
[25-Feb-2023 00:56:40 UTC] PHP Warning:  Array to string conversion in C:\Users\RD\Local Sites\lapizeria\app\public\wp-content\themes\lapizeria\home.php on line 11
[25-Feb-2023 00:57:38 UTC] PHP Warning:  Trying to access array offset on value of type bool in C:\Users\RD\Local Sites\lapizeria\app\public\wp-content\themes\lapizeria\home.php on line 7
[25-Feb-2023 00:57:38 UTC] PHP Warning:  Trying to access array offset on value of type bool in C:\Users\RD\Local Sites\lapizeria\app\public\wp-content\themes\lapizeria\home.php on line 7
[25-Feb-2023 01:01:47 UTC] PHP Warning:  Trying to access array offset on value of type bool in C:\Users\RD\Local Sites\lapizeria\app\public\wp-content\themes\lapizeria\home.php on line 7
[25-Feb-2023 01:01:47 UTC] PHP Warning:  Trying to access array offset on value of type bool in C:\Users\RD\Local Sites\lapizeria\app\public\wp-content\themes\lapizeria\home.php on line 7
[25-Feb-2023 01:01:52 UTC] PHP Warning:  Trying to access array offset on value of type bool in C:\Users\RD\Local Sites\lapizeria\app\public\wp-content\themes\lapizeria\home.php on line 7
[25-Feb-2023 01:01:53 UTC] PHP Warning:  Trying to access array offset on value of type bool in C:\Users\RD\Local Sites\lapizeria\app\public\wp-content\themes\lapizeria\home.php on line 7
[25-Feb-2023 01:02:53 UTC] PHP Warning:  Array to string conversion in C:\Users\RD\Local Sites\lapizeria\app\public\wp-content\themes\lapizeria\home.php on line 11
[25-Feb-2023 01:02:54 UTC] PHP Warning:  Array to string conversion in C:\Users\RD\Local Sites\lapizeria\app\public\wp-content\themes\lapizeria\home.php on line 11
[25-Feb-2023 01:03:43 UTC] PHP Warning:  Undefined variable $size in C:\Users\RD\Local Sites\lapizeria\app\public\wp-content\themes\lapizeria\home.php on line 7
[25-Feb-2023 01:03:43 UTC] PHP Warning:  Undefined variable $image_meta in C:\Users\RD\Local Sites\lapizeria\app\public\wp-content\themes\lapizeria\home.php on line 7
[25-Feb-2023 01:03:43 UTC] PHP Warning:  Undefined variable $size in C:\Users\RD\Local Sites\lapizeria\app\public\wp-content\themes\lapizeria\home.php on line 7
[25-Feb-2023 01:03:43 UTC] PHP Warning:  Undefined variable $image_meta in C:\Users\RD\Local Sites\lapizeria\app\public\wp-content\themes\lapizeria\home.php on line 7
[25-Feb-2023 01:03:56 UTC] PHP Warning:  Undefined variable $image_meta in C:\Users\RD\Local Sites\lapizeria\app\public\wp-content\themes\lapizeria\home.php on line 7
[25-Feb-2023 01:03:56 UTC] PHP Warning:  Undefined variable $image_meta in C:\Users\RD\Local Sites\lapizeria\app\public\wp-content\themes\lapizeria\home.php on line 7
[25-Feb-2023 01:04:53 UTC] PHP Warning:  Undefined variable $image_meta in C:\Users\RD\Local Sites\lapizeria\app\public\wp-content\themes\lapizeria\home.php on line 7
[25-Feb-2023 01:04:53 UTC] PHP Warning:  Undefined variable $image_meta in C:\Users\RD\Local Sites\lapizeria\app\public\wp-content\themes\lapizeria\home.php on line 7
[25-Feb-2023 01:05:06 UTC] PHP Warning:  Trying to access array offset on value of type bool in C:\Users\RD\Local Sites\lapizeria\app\public\wp-content\themes\lapizeria\home.php on line 7
[25-Feb-2023 01:05:07 UTC] PHP Warning:  Trying to access array offset on value of type bool in C:\Users\RD\Local Sites\lapizeria\app\public\wp-content\themes\lapizeria\home.php on line 7
[25-Feb-2023 01:05:07 UTC] PHP Warning:  Trying to access array offset on value of type bool in C:\Users\RD\Local Sites\lapizeria\app\public\wp-content\themes\lapizeria\home.php on line 7
[25-Feb-2023 01:05:08 UTC] PHP Warning:  Trying to access array offset on value of type bool in C:\Users\RD\Local Sites\lapizeria\app\public\wp-content\themes\lapizeria\home.php on line 7
[25-Feb-2023 01:08:31 UTC] PHP Warning:  Trying to access array offset on value of type bool in C:\Users\RD\Local Sites\lapizeria\app\public\wp-content\themes\lapizeria\home.php on line 5
[25-Feb-2023 01:08:31 UTC] PHP Warning:  Trying to access array offset on value of type bool in C:\Users\RD\Local Sites\lapizeria\app\public\wp-content\themes\lapizeria\home.php on line 5
[26-Feb-2023 00:57:46 UTC] PHP Warning:  Trying to access array offset on value of type bool in C:\Users\RD\Local Sites\lapizeria\app\public\wp-content\themes\lapizeria\home.php on line 5
[26-Feb-2023 00:57:59 UTC] PHP Warning:  Trying to access array offset on value of type bool in C:\Users\RD\Local Sites\lapizeria\app\public\wp-content\themes\lapizeria\home.php on line 5
[26-Feb-2023 01:51:03 UTC] Cron unschedule event error for hook: do_pings, Error code: could_not_set, Error message: No se ha podido guardar la lista de eventos del cron., Data: {"schedule":false,"args":[]}
[08-Mar-2023 15:38:58 UTC] PHP Parse error:  syntax error, unexpected token "}" in C:\Users\RD\Local Sites\lapizeria\app\public\wp-content\themes\lapizeria\functions.php on line 61
[08-Mar-2023 15:38:58 UTC] PHP Warning:  Trying to access array offset on value of type bool in C:\Users\RD\Local Sites\lapizeria\app\public\wp-includes\class-wp-recovery-mode-email-service.php on line 372
[08-Mar-2023 15:38:58 UTC] PHP Warning:  Trying to access array offset on value of type bool in C:\Users\RD\Local Sites\lapizeria\app\public\wp-includes\class-wp-recovery-mode-email-service.php on line 373
[10-Mar-2023 01:12:36 UTC] PHP Parse error:  syntax error, unexpected identifier "get_template_part" in C:\Users\RD\Local Sites\lapizeria\app\public\wp-content\themes\lapizeria\page.php on line 4
[10-Mar-2023 01:12:42 UTC] PHP Parse error:  syntax error, unexpected identifier "get_template_part" in C:\Users\RD\Local Sites\lapizeria\app\public\wp-content\themes\lapizeria\page.php on line 4
